2020/03/27 11:51:29 - Loaded game module: reversi
2020/03/27 11:51:29 - Loaded game module: Tic-tac-toe
2020/03/27 11:51:29 - Server listening on port 7789
2020/03/27 11:51:30 - Application started
2020/03/27 11:51:47 - Handling command: action=login, argument=hoi
2020/03/27 11:51:47 - Client logged in: hoi
2020/03/27 11:51:47 - Handling command: action=subscribe, argument=reversi
2020/03/27 11:51:48 - Handling command: action=move, argument=15
2020/03/27 11:51:49 - Handling command: action=move, argument=7
2020/03/27 11:51:50 - Handling command: action=move, argument=7
2020/03/27 11:51:50 - Handling command: action=move, argument=15
2020/03/27 11:51:50 - Handling command: action=move, argument=7
2020/03/27 11:51:51 - Handling command: action=move, argument=6
2020/03/27 11:51:51 - Handling command: action=move, argument=14
2020/03/27 11:51:51 - Handling command: action=move, argument=13
2020/03/27 11:51:51 - Handling command: action=move, argument=5
2020/03/27 11:51:52 - Handling command: action=move, argument=4
2020/03/27 11:51:52 - Handling command: action=move, argument=12
2020/03/27 11:51:52 - Handling command: action=move, argument=10
2020/03/27 11:51:52 - Handling command: action=move, argument=3
2020/03/27 11:51:53 - Handling command: action=move, argument=11
2020/03/27 11:51:53 - Handling command: action=move, argument=2
2020/03/27 11:51:54 - Handling command: action=move, argument=23
2020/03/27 11:51:54 - Handling command: action=move, argument=22
2020/03/27 11:51:55 - Handling command: action=move, argument=21
2020/03/27 11:51:55 - Handling command: action=move, argument=30
2020/03/27 11:51:56 - Handling command: action=move, argument=29
2020/03/27 11:51:56 - Handling command: action=move, argument=31
2020/03/27 11:51:57 - Handling command: action=move, argument=28
2020/03/27 11:51:58 - Handling command: action=move, argument=20
2020/03/27 11:51:59 - Handling command: action=move, argument=27
2020/03/27 11:51:59 - Handling command: action=move, argument=26
2020/03/27 11:52:00 - Handling command: action=move, argument=25
2020/03/27 11:52:01 - Handling command: action=move, argument=24
2020/03/27 11:52:02 - Handling command: action=move, argument=16
2020/03/27 11:52:02 - Handling command: action=move, argument=17
2020/03/27 11:52:02 - Handling command: action=move, argument=18
2020/03/27 11:52:02 - Handling command: action=move, argument=19
2020/03/27 11:52:03 - Handling command: action=move, argument=17
2020/03/27 11:52:03 - Handling command: action=move, argument=9
2020/03/27 11:52:03 - Handling command: action=move, argument=8
2020/03/27 11:52:03 - Handling command: action=move, argument=0
2020/03/27 11:52:04 - Handling command: action=move, argument=1
2020/03/27 11:52:04 - Handling command: action=move, argument=32
2020/03/27 11:52:05 - Handling command: action=move, argument=48
2020/03/27 11:52:05 - Handling command: action=move, argument=40
2020/03/27 11:52:06 - Handling command: action=move, argument=56
2020/03/27 11:52:06 - Handling command: action=move, argument=57
2020/03/27 11:52:06 - Handling command: action=move, argument=49
2020/03/27 11:52:06 - Handling command: action=move, argument=41
2020/03/27 11:52:07 - Handling command: action=move, argument=33
2020/03/27 11:52:07 - Handling command: action=move, argument=34
2020/03/27 11:52:07 - Handling command: action=move, argument=42
2020/03/27 11:52:07 - Handling command: action=move, argument=50
2020/03/27 11:52:08 - Handling command: action=move, argument=58
2020/03/27 11:52:08 - Handling command: action=move, argument=59
2020/03/27 11:52:08 - Handling command: action=move, argument=59
2020/03/27 11:52:09 - Handling command: action=move, argument=51
2020/03/27 11:52:09 - Handling command: action=move, argument=35
2020/03/27 11:52:09 - Handling command: action=move, argument=43
2020/03/27 11:52:10 - Handling command: action=move, argument=36
2020/03/27 11:52:10 - Handling command: action=move, argument=44
2020/03/27 11:52:10 - Handling command: action=move, argument=52
2020/03/27 11:52:10 - Handling command: action=move, argument=60
2020/03/27 11:52:11 - Handling command: action=move, argument=61
2020/03/27 11:52:11 - Handling command: action=move, argument=53
2020/03/27 11:52:11 - Handling command: action=move, argument=53
2020/03/27 11:52:11 - Handling command: action=move, argument=45
2020/03/27 11:52:12 - Handling command: action=move, argument=38
2020/03/27 11:52:12 - Handling command: action=move, argument=37
2020/03/27 11:52:17 - Handling command: action=move, argument=46
2020/03/27 11:52:17 - Handling command: action=move, argument=39
2020/03/27 11:52:17 - Handling command: action=move, argument=47
2020/03/27 11:52:18 - Handling command: action=move, argument=55
2020/03/27 11:52:18 - Handling command: action=move, argument=54
2020/03/27 11:52:18 - Handling command: action=move, argument=46
2020/03/27 11:52:19 - Handling command: action=move, argument=46
2020/03/27 11:52:19 - Handling command: action=move, argument=54
2020/03/27 11:52:19 - Handling command: action=move, argument=62
2020/03/27 11:52:19 - Handling command: action=move, argument=63
2020/03/27 11:52:57 - Handling command: action=move, argument=13
2020/03/27 11:52:57 - Handling command: action=move, argument=13
2020/03/27 11:52:57 - Handling command: action=move, argument=14
2020/03/27 11:53:18 - Handling command: action=move, argument=30
2020/03/27 11:53:19 - Handling command: action=move, argument=22
2020/03/27 11:53:19 - Handling command: action=move, argument=22
2020/03/27 11:54:16 - Handling command: action=move, argument=1
2020/03/27 11:54:17 - Handling command: action=move, argument=1
2020/03/27 11:54:17 - Handling command: action=move, argument=1
2020/03/27 11:54:17 - Handling command: action=move, argument=1
2020/03/27 11:54:17 - Handling command: action=move, argument=1
2020/03/27 11:54:17 - Handling command: action=move, argument=9
2020/03/27 11:54:18 - Handling command: action=move, argument=17
2020/03/27 11:54:18 - Handling command: action=move, argument=17
2020/03/27 11:54:18 - Handling command: action=move, argument=25
2020/03/27 11:54:18 - Handling command: action=move, argument=33
2020/03/27 11:54:19 - Handling command: action=move, argument=43
2020/03/27 11:54:19 - Handling command: action=move, argument=50
2020/03/27 11:54:20 - Handling command: action=move, argument=50
2020/03/27 11:54:20 - Handling command: action=move, argument=58
2020/03/27 11:54:20 - Handling command: action=move, argument=59
2020/03/27 11:54:20 - Handling command: action=move, argument=51
2020/03/27 11:54:21 - Handling command: action=move, argument=43
2020/03/27 11:54:21 - Handling command: action=move, argument=42
2020/03/27 11:54:21 - Handling command: action=move, argument=34
2020/03/27 11:54:21 - Handling command: action=move, argument=35
2020/03/27 11:54:22 - Handling command: action=move, argument=27
2020/03/27 11:54:22 - Handling command: action=move, argument=26
2020/03/27 11:54:24 - IOException while processing key: java.io.IOException: An existing connection was forcibly closed by the remote host
2020/03/27 11:54:24 - Disconnecting client
2020/03/27 11:54:24 - Closing client socket connection
2020/03/27 11:54:24 - Client disconnected, removing input buffer
